#
# There is insufficient memory for the Java Runtime Environment to continue.
# Native memory allocation (malloc) failed to allocate 1045296 bytes for Chunk::new
# Possible reasons:
#   The system is out of physical RAM or swap space
#   In 32 bit mode, the process size limit was hit
# Possible solutions:
#   Reduce memory load on the system
#   Increase physical memory or swap space
#   Check if swap backing store is full
#   Use 64 bit Java on a 64 bit OS
#   Decrease Java heap size (-Xmx/-Xms)
#   Decrease number of Java threads
#   Decrease Java thread stack sizes (-Xss)
#   Set larger code cache with -XX:ReservedCodeCacheSize=
# This output file may be truncated or incomplete.
#
#  Out of Memory Error (allocation.cpp:390), pid=5752, tid=0x0000000000002c34
#
# JRE version: OpenJDK Runtime Environment (8.0_152-b02) (build 1.8.0_152-release-1024-b02)
# Java VM: OpenJDK 64-Bit Server VM (25.152-b02 mixed mode windows-amd64 compressed oops)
# Failed to write core dump. Minidumps are not enabled by default on client versions of Windows
#

---------------  T H R E A D  ---------------

Current thread (0x00000000169bb800):  JavaThread "C2 CompilerThread0" daemon [_thread_in_native, id=11316, stack(0x0000000018010000,0x0000000018110000)]

Stack: [0x0000000018010000,0x0000000018110000]
[error occurred during error reporting (printing stack bounds), id 0xc0000005]

Native frames: (J=compiled Java code, j=interpreted, Vv=VM code, C=native code)


Current CompileTask:
C2:  30150 8246       4       com.android.utils.PositionXmlParser::getPositionHelper (757 bytes)


---------------  P R O C E S S  ---------------

Java Threads: ( => current thread )
  0x00000000191c8800 JavaThread "Java2D Disposer" daemon [_thread_blocked, id=9172, stack(0x0000000024690000,0x0000000024790000)]
  0x000000001f95a000 JavaThread "Worker Daemon Execution Thread 7" [_thread_blocked, id=4684, stack(0x0000000024590000,0x0000000024690000)]
  0x000000001f958800 JavaThread "Worker Daemon Execution Thread 6" [_thread_blocked, id=4172, stack(0x0000000024490000,0x0000000024590000)]
  0x000000001f95b000 JavaThread "Worker Daemon Execution Thread 5" [_thread_blocked, id=4492, stack(0x0000000024390000,0x0000000024490000)]
  0x000000001f958000 JavaThread "Worker Daemon Execution Thread 4" [_thread_blocked, id=12820, stack(0x0000000024290000,0x0000000024390000)]
  0x000000001f957000 JavaThread "Worker Daemon Execution Thread 3" [_thread_blocked, id=3136, stack(0x0000000024190000,0x0000000024290000)]
  0x000000001f959800 JavaThread "Worker Daemon Execution Thread 2" [_thread_blocked, id=7640, stack(0x0000000024090000,0x0000000024190000)]
  0x000000001f956800 JavaThread "Worker Daemon Execution" [_thread_blocked, id=9916, stack(0x0000000023f90000,0x0000000024090000)]
  0x000000001f94d800 JavaThread "Task worker for ':' Thread 3" [_thread_blocked, id=1736, stack(0x0000000023e90000,0x0000000023f90000)]
  0x000000001f953800 JavaThread "Task worker for ':' Thread 2" [_thread_blocked, id=1148, stack(0x0000000023d90000,0x0000000023e90000)]
  0x000000001f94c000 JavaThread "Task worker for ':'" [_thread_blocked, id=11384, stack(0x0000000023c90000,0x0000000023d90000)]
  0x000000001f952800 JavaThread "Cache worker for Build Output Cleanup Cache (C:\Users\User\AndroidStudioProjects\NgaliyanHebat\.gradle\buildOutputCleanup)" [_thread_blocked, id=12760, stack(0x0000000023b90000,0x0000000023c90000)]
  0x000000001f952000 JavaThread "Cache worker for task history cache (C:\Users\User\AndroidStudioProjects\NgaliyanHebat\.gradle\4.4\taskHistory)" [_thread_in_vm, id=11344, stack(0x0000000023850000,0x0000000023950000)]
  0x000000001f950800 JavaThread "Cache worker for file content cache (C:\Users\User\AndroidStudioProjects\NgaliyanHebat\.gradle\4.4\fileContent)" [_thread_blocked, id=11624, stack(0x0000000023550000,0x0000000023650000)]
  0x000000001f94f800 JavaThread "Memory manager" [_thread_blocked, id=4360, stack(0x00000000223b0000,0x00000000224b0000)]
  0x00000000191c7000 JavaThread "build operations Thread 4" [_thread_blocked, id=10772, stack(0x00000000219b0000,0x0000000021ab0000)]
  0x00000000191c6000 JavaThread "build operations Thread 3" [_thread_blocked, id=8640, stack(0x00000000215e0000,0x00000000216e0000)]
  0x00000000191c5800 JavaThread "build operations Thread 2" [_thread_blocked, id=8900, stack(0x00000000214e0000,0x00000000215e0000)]
  0x00000000191ca800 JavaThread "build operations" [_thread_blocked, id=4888, stack(0x000000001f180000,0x000000001f280000)]
  0x00000000191c4800 JavaThread "Cache worker for Artifact transforms cache (C:\Users\User\.gradle\caches\transforms-1)" [_thread_blocked, id=12572, stack(0x000000001e7d0000,0x000000001e8d0000)]
  0x000000001be8e000 JavaThread "Cache worker for file hash cache (C:\Users\User\AndroidStudioProjects\NgaliyanHebat\.gradle\4.4\fileHashes)" [_thread_blocked, id=6332, stack(0x000000001d500000,0x000000001d600000)]
  0x0000000019cd0800 JavaThread "File lock request listener" [_thread_in_native, id=6036, stack(0x000000001c430000,0x000000001c530000)]
  0x0000000019af5800 JavaThread "Cache worker for file hash cache (C:\Users\User\.gradle\caches\4.4\fileHashes)" [_thread_blocked, id=11212, stack(0x000000001c330000,0x000000001c430000)]
  0x0000000019931800 JavaThread "Stdin handler" [_thread_blocked, id=9396, stack(0x000000001b060000,0x000000001b160000)]
  0x00000000198ea000 JavaThread "Asynchronous log dispatcher for DefaultDaemonConnection: socket connection from /127.0.0.1:50701 to /127.0.0.1:50702" [_thread_blocked, id=1160, stack(0x000000001af60000,0x000000001b060000)]
  0x000000001992d800 JavaThread "Daemon worker" [_thread_blocked, id=12536, stack(0x000000001ae60000,0x000000001af60000)]
  0x00000000198ed800 JavaThread "Cancel handler" [_thread_blocked, id=2468, stack(0x000000001ad60000,0x000000001ae60000)]
  0x00000000199dd800 JavaThread "Handler for socket connection from /127.0.0.1:50701 to /127.0.0.1:50702" [_thread_in_native, id=7664, stack(0x000000001aa60000,0x000000001ab60000)]
  0x0000000019a2e800 JavaThread "Daemon" [_thread_blocked, id=11976, stack(0x000000001a960000,0x000000001aa60000)]
  0x0000000019a2b800 JavaThread "Daemon periodic checks" [_thread_blocked, id=6996, stack(0x000000001a860000,0x000000001a960000)]
  0x00000000199c9000 JavaThread "Incoming local TCP Connector on port 50701" [_thread_in_native, id=11392, stack(0x000000001a620000,0x000000001a720000)]
  0x0000000018338800 JavaThread "Service Thread" daemon [_thread_blocked, id=3204, stack(0x0000000018710000,0x0000000018810000)]
  0x00000000169ce000 JavaThread "C1 CompilerThread2" daemon [_thread_blocked, id=4392, stack(0x0000000018210000,0x0000000018310000)]
  0x00000000169c1800 JavaThread "C2 CompilerThread1" daemon [_thread_in_native, id=5116, stack(0x0000000018110000,0x0000000018210000)]
=>0x00000000169bb800 JavaThread "C2 CompilerThread0" daemon [_thread_in_native, id=11316, stack(0x0000000018010000,0x0000000018110000)]
  0x00000000169ba800 JavaThread "Attach Listener" daemon [_thread_blocked, id=1216, stack(0x0000000017f10000,0x0000000018010000)]
  0x00000000169b9800 JavaThread "Signal Dispatcher" daemon [_thread_blocked, id=4664, stack(0x0000000017e10000,0x0000000017f10000)]
  0x00000000169ad800 JavaThread "Finalizer" daemon [_thread_blocked, id=8336, stack(0x0000000017c20000,0x0000000017d20000)]
  0x0000000002f83000 JavaThread "Reference Handler" daemon [_thread_blocked, id=8340, stack(0x0000000017b20000,0x0000000017c20000)]
  0x000000000304d800 JavaThread "main" [_thread_blocked, id=8728, stack(0x0000000002cf0000,0x0000000002df0000)]

Other Threads:
  0x0000000016985000 VMThread [stack: 0x0000000017a20000,0x0000000017b20000] [id=7164]
  0x000000001833a000 WatcherThread [stack: 0x0000000018810000,0x0000000018910000] [id=3120]

VM state:not at safepoint (normal execution)

VM Mutex/Monitor currently owned by a thread: None

Heap:
 PSYoungGen      total 200192K, used 19565K [0x00000000e0000000, 0x00000000f2780000, 0x0000000100000000)
  eden space 180224K, 10% used [0x00000000e0000000,0x00000000e131b698,0x00000000eb000000)
  from space 19968K, 0% used [0x00000000eb000000,0x00000000eb000000,0x00000000ec380000)
  to   space 18944K, 0% used [0x00000000f1500000,0x00000000f1500000,0x00000000f2780000)
 ParOldGen       total 126464K, used 32408K [0x00000000a0000000, 0x00000000a7b80000, 0x00000000e0000000)
  object space 126464K, 25% used [0x00000000a0000000,0x00000000a1fa6040,0x00000000a7b80000)
 Metaspace       used 58331K, capacity 59860K, committed 60120K, reserved 1101824K
  class space    used 7768K, capacity 8143K, committed 8192K, reserved 1048576K

Card table byte_map: [0x0000000012410000,0x0000000012720000] byte_map_base: 0x0000000011f10000

Marking Bits: (ParMarkBitMap*) 0x00000000582c4970
 Begin Bits: [0x0000000012d20000, 0x0000000014520000)
 End Bits:   [0x0000000014520000, 0x0000000015d20000)

Polling page: 0x00000000013a0000

CodeCache: size=245760Kb used=23643Kb max_used=23643Kb free=222116Kb
 bounds [0x0000000003050000, 0x0000000004790000, 0x0000000012050000]
 total_blobs=8135 nmethods=7250 adapters=796
 compilation: enabled

Compilation events (10 events):
Event: 30.122 Thread 0x00000000169ce000 8283       3       org.gradle.api.internal.file.collections.DefaultFileCollectionResolveContext::<init> (26 bytes)
Event: 30.122 Thread 0x00000000169ce000 nmethod 8283 0x000000000477dc90 code [0x000000000477de20, 0x000000000477e2a8]
Event: 30.123 Thread 0x00000000169ce000 8284       3       org.gradle.api.internal.file.collections.DefaultFileCollectionResolveContext$FileCollectionConverter::<init> (5 bytes)
Event: 30.123 Thread 0x00000000169ce000 nmethod 8284 0x0000000004777710 code [0x0000000004777860, 0x0000000004777a10]
Event: 30.128 Thread 0x00000000169ce000 8285       1       org.gradle.api.internal.tasks.DefaultCacheableTaskOutputFilePropertySpec::getPropertyFiles (5 bytes)
Event: 30.128 Thread 0x00000000169ce000 nmethod 8285 0x000000000477d9d0 code [0x000000000477db20, 0x000000000477dc30]
Event: 30.136 Thread 0x00000000169ce000 8286       1       org.gradle.api.internal.tasks.DefaultTaskInputPropertySpec::getPropertyName (5 bytes)
Event: 30.136 Thread 0x00000000169ce000 nmethod 8286 0x0000000004777450 code [0x00000000047775a0, 0x00000000047776b0]
Event: 30.142 Thread 0x00000000169ce000 8287       3       com.google.common.collect.Interners$WeakInterner::intern (50 bytes)
Event: 30.143 Thread 0x00000000169ce000 nmethod 8287 0x0000000004780f10 code [0x0000000004781180, 0x00000000047821d8]

GC Heap History (10 events):
Event: 8.409 GC heap before
{Heap before GC invocations=10 (full 2):
 PSYoungGen      total 140800K, used 131072K [0x00000000e0000000, 0x00000000eb200000, 0x0000000100000000)
  eden space 131072K, 100% used [0x00000000e0000000,0x00000000e8000000,0x00000000e8000000)
  from space 9728K, 0% used [0x00000000e8000000,0x00000000e8000000,0x00000000e8980000)
  to   space 12288K, 0% used [0x00000000ea600000,0x00000000ea600000,0x00000000eb200000)
 ParOldGen       total 101888K, used 19412K [0x00000000a0000000, 0x00000000a6380000, 0x00000000e0000000)
  object space 101888K, 19% used [0x00000000a0000000,0x00000000a12f5170,0x00000000a6380000)
 Metaspace       used 44973K, capacity 45746K, committed 45784K, reserved 1089536K
  class space    used 6142K, capacity 6378K, committed 6400K, reserved 1048576K
Event: 8.428 GC heap after
Heap after GC invocations=10 (full 2):
 PSYoungGen      total 167424K, used 12274K [0x00000000e0000000, 0x00000000eca00000, 0x0000000100000000)
  eden space 155136K, 0% used [0x00000000e0000000,0x00000000e0000000,0x00000000e9780000)
  from space 12288K, 99% used [0x00000000ea600000,0x00000000eb1fc8d8,0x00000000eb200000)
  to   space 14848K, 0% used [0x00000000e9780000,0x00000000e9780000,0x00000000ea600000)
 ParOldGen       total 101888K, used 21325K [0x00000000a0000000, 0x00000000a6380000, 0x00000000e0000000)
  object space 101888K, 20% used [0x00000000a0000000,0x00000000a14d36c8,0x00000000a6380000)
 Metaspace       used 44973K, capacity 45746K, committed 45784K, reserved 1089536K
  class space    used 6142K, capacity 6378K, committed 6400K, reserved 1048576K
}
Event: 23.624 GC heap before
{Heap before GC invocations=11 (full 2):
 PSYoungGen      total 167424K, used 167410K [0x00000000e0000000, 0x00000000eca00000, 0x0000000100000000)
  eden space 155136K, 100% used [0x00000000e0000000,0x00000000e9780000,0x00000000e9780000)
  from space 12288K, 99% used [0x00000000ea600000,0x00000000eb1fc8d8,0x00000000eb200000)
  to   space 14848K, 0% used [0x00000000e9780000,0x00000000e9780000,0x00000000ea600000)
 ParOldGen       total 101888K, used 21325K [0x00000000a0000000, 0x00000000a6380000, 0x00000000e0000000)
  object space 101888K, 20% used [0x00000000a0000000,0x00000000a14d36c8,0x00000000a6380000)
 Metaspace       used 54037K, capacity 55512K, committed 55640K, reserved 1097728K
  class space    used 7352K, capacity 7721K, committed 7808K, reserved 1048576K
Event: 23.650 GC heap after
Heap after GC invocations=11 (full 2):
 PSYoungGen      total 169984K, used 14821K [0x00000000e0000000, 0x00000000eda80000, 0x0000000100000000)
  eden space 155136K, 0% used [0x00000000e0000000,0x00000000e0000000,0x00000000e9780000)
  from space 14848K, 99% used [0x00000000e9780000,0x00000000ea5f9520,0x00000000ea600000)
  to   space 20480K, 0% used [0x00000000ec680000,0x00000000ec680000,0x00000000eda80000)
 ParOldGen       total 101888K, used 30075K [0x00000000a0000000, 0x00000000a6380000, 0x00000000e0000000)
  object space 101888K, 29% used [0x00000000a0000000,0x00000000a1d5ec38,0x00000000a6380000)
 Metaspace       used 54037K, capacity 55512K, committed 55640K, reserved 1097728K
  class space    used 7352K, capacity 7721K, committed 7808K, reserved 1048576K
}
Event: 29.250 GC heap before
{Heap before GC invocations=12 (full 2):
 PSYoungGen      total 169984K, used 169686K [0x00000000e0000000, 0x00000000eda80000, 0x0000000100000000)
  eden space 155136K, 99% used [0x00000000e0000000,0x00000000e973c348,0x00000000e9780000)
  from space 14848K, 99% used [0x00000000e9780000,0x00000000ea5f9520,0x00000000ea600000)
  to   space 20480K, 0% used [0x00000000ec680000,0x00000000ec680000,0x00000000eda80000)
 ParOldGen       total 101888K, used 30075K [0x00000000a0000000, 0x00000000a6380000, 0x00000000e0000000)
  object space 101888K, 29% used [0x00000000a0000000,0x00000000a1d5ec38,0x00000000a6380000)
 Metaspace       used 57296K, capacity 58802K, committed 58968K, reserved 1099776K
  class space    used 7648K, capacity 8004K, committed 8064K, reserved 1048576K
Event: 29.276 GC heap after
Heap after GC invocations=12 (full 2):
 PSYoungGen      total 197120K, used 11186K [0x00000000e0000000, 0x00000000ed700000, 0x0000000100000000)
  eden space 180224K, 0% used [0x00000000e0000000,0x00000000e0000000,0x00000000eb000000)
  from space 16896K, 66% used [0x00000000ec680000,0x00000000ed16cb70,0x00000000ed700000)
  to   space 19968K, 0% used [0x00000000eb000000,0x00000000eb000000,0x00000000ec380000)
 ParOldGen       total 101888K, used 36207K [0x00000000a0000000, 0x00000000a6380000, 0x00000000e0000000)
  object space 101888K, 35% used [0x00000000a0000000,0x00000000a235bd80,0x00000000a6380000)
 Metaspace       used 57296K, capacity 58802K, committed 58968K, reserved 1099776K
  class space    used 7648K, capacity 8004K, committed 8064K, reserved 1048576K
}
Event: 29.301 GC heap before
{Heap before GC invocations=13 (full 2):
 PSYoungGen      total 197120K, used 19793K [0x00000000e0000000, 0x00000000ed700000, 0x0000000100000000)
  eden space 180224K, 4% used [0x00000000e0000000,0x00000000e0867bf0,0x00000000eb000000)
  from space 16896K, 66% used [0x00000000ec680000,0x00000000ed16cb70,0x00000000ed700000)
  to   space 19968K, 0% used [0x00000000eb000000,0x00000000eb000000,0x00000000ec380000)
 ParOldGen       total 101888K, used 36207K [0x00000000a0000000, 0x00000000a6380000, 0x00000000e0000000)
  object space 101888K, 35% used [0x00000000a0000000,0x00000000a235bd80,0x00000000a6380000)
 Metaspace       used 57342K, capacity 58906K, committed 58968K, reserved 1099776K
  class space    used 7652K, capacity 8038K, committed 8064K, reserved 1048576K
Event: 29.314 GC heap after
Heap after GC invocations=13 (full 2):
 PSYoungGen      total 200192K, used 9645K [0x00000000e0000000, 0x00000000f2780000, 0x0000000100000000)
  eden space 180224K, 0% used [0x00000000e0000000,0x00000000e0000000,0x00000000eb000000)
  from space 19968K, 48% used [0x00000000eb000000,0x00000000eb96b700,0x00000000ec380000)
  to   space 18944K, 0% used [0x00000000f1500000,0x00000000f1500000,0x00000000f2780000)
 ParOldGen       total 101888K, used 36207K [0x00000000a0000000, 0x00000000a6380000, 0x00000000e0000000)
  object space 101888K, 35% used [0x00000000a0000000,0x00000000a235bd80,0x00000000a6380000)
 Metaspace       used 57342K, capacity 58906K, committed 58968K, reserved 1099776K
  class space    used 7652K, capacity 8038K, committed 8064K, reserved 1048576K
}
Event: 29.314 GC heap before
{Heap before GC invocations=14 (full 3):
 PSYoungGen      total 200192K, used 9645K [0x00000000e0000000, 0x00000000f2780000, 0x0000000100000000)
  eden space 180224K, 0% used [0x00000000e0000000,0x00000000e0000000,0x00000000eb000000)
  from space 19968K, 48% used [0x00000000eb000000,0x00000000eb96b700,0x00000000ec380000)
  to   space 18944K, 0% used [0x00000000f1500000,0x00000000f1500000,0x00000000f2780000)
 ParOldGen       total 101888K, used 36207K [0x00000000a0000000, 0x00000000a6380000, 0x00000000e0000000)
  object space 101888K, 35% used [0x00000000a0000000,0x00000000a235bd80,0x00000000a6380000)
 Metaspace       used 57342K, capacity 58906K, committed 58968K, reserved 1099776K
  class space    used 7652K, capacity 8038K, committed 8064K, reserved 1048576K
Event: 29.518 GC heap after
Heap after GC invocations=14 (full 3):
 PSYoungGen      total 200192K, used 0K [0x00000000e0000000, 0x00000000f2780000, 0x0000000100000000)
  eden space 180224K, 0% used [0x00000000e0000000,0x00000000e0000000,0x00000000eb000000)
  from space 19968K, 0% used [0x00000000eb000000,0x00000000eb000000,0x00000000ec380000)
  to   space 18944K, 0% used [0x00000000f1500000,0x00000000f1500000,0x00000000f2780000)
 ParOldGen       total 126464K, used 32408K [0x00000000a0000000, 0x00000000a7b80000, 0x00000000e0000000)
  object space 126464K, 25% used [0x00000000a0000000,0x00000000a1fa6040,0x00000000a7b80000)
 Metaspace       used 57342K, capacity 58906K, committed 58968K, reserved 1099776K
  class space    used 7652K, capacity 8038K, committed 8064K, reserved 1048576K
}

Deoptimization events (10 events):
Event: 30.041 Thread 0x000000001f94d800 Uncommon trap: reason=class_check action=maybe_recompile pc=0x00000000046a3008 method=com.google.gson.stream.JsonWriter.beforeValue()V @ 111
Event: 30.041 Thread 0x000000001f94d800 Uncommon trap: reason=class_check action=maybe_recompile pc=0x00000000046a40a8 method=com.google.gson.stream.JsonWriter.beforeName()V @ 16
Event: 30.041 Thread 0x000000001f94d800 Uncommon trap: reason=class_check action=maybe_recompile pc=0x00000000046a3008 method=com.google.gson.stream.JsonWriter.beforeValue()V @ 111
Event: 30.041 Thread 0x000000001f94d800 Uncommon trap: reason=class_check action=maybe_recompile pc=0x00000000046a3008 method=com.google.gson.stream.JsonWriter.beforeValue()V @ 111
Event: 30.041 Thread 0x000000001f94d800 Uncommon trap: reason=class_check action=maybe_recompile pc=0x00000000046a40a8 method=com.google.gson.stream.JsonWriter.beforeName()V @ 16
Event: 30.041 Thread 0x000000001f94d800 Uncommon trap: reason=class_check action=maybe_recompile pc=0x00000000046a40a8 method=com.google.gson.stream.JsonWriter.beforeName()V @ 16
Event: 30.041 Thread 0x000000001f94d800 Uncommon trap: reason=class_check action=maybe_recompile pc=0x00000000046a5998 method=com.google.gson.stream.JsonWriter.beforeName()V @ 16
Event: 30.041 Thread 0x000000001f94d800 Uncommon trap: reason=class_check action=maybe_recompile pc=0x00000000046a40a8 method=com.google.gson.stream.JsonWriter.beforeName()V @ 16
Event: 30.045 Thread 0x000000001f94d800 Uncommon trap: reason=bimorphic action=maybe_recompile pc=0x000000000469ea10 method=java.io.Writer.write(Ljava/lang/String;)V @ 7
Event: 30.051 Thread 0x000000001f94d800 Uncommon trap: reason=bimorphic action=maybe_recompile pc=0x000000000469ea10 method=java.io.Writer.write(Ljava/lang/String;)V @ 7

Classes redefined (0 events):
No events

Internal exceptions (10 events):
Event: 24.550 Thread 0x000000001f94d800 Exception <a 'java/lang/NoSuchMethodError': <clinit>> (0x00000000e2c76238) thrown at [D:\src\AOSP-openjdk-cygwin\jdk8u\hotspot\src\share\vm\prims\jni.cpp, line 1613]
Event: 24.551 Thread 0x000000001f94d800 Exception <a 'java/lang/NoSuchMethodError': <clinit>> (0x00000000e2c88b10) thrown at [D:\src\AOSP-openjdk-cygwin\jdk8u\hotspot\src\share\vm\prims\jni.cpp, line 1613]
Event: 24.719 Thread 0x000000001f959800 Exception <a 'java/io/FileNotFoundException'> (0x00000000e3c4d6c8) thrown at [D:\src\AOSP-openjdk-cygwin\jdk8u\hotspot\src\share\vm\prims\jni.cpp, line 709]
Event: 24.758 Thread 0x000000001f956800 Exception <a 'java/lang/ClassNotFoundException': sun/dc/DuctusRenderingEngine> (0x00000000e3b05908) thrown at [D:\src\AOSP-openjdk-cygwin\jdk8u\hotspot\src\share\vm\classfile\systemDictionary.cpp, line 210]
Event: 24.780 Thread 0x000000001f956800 Exception <a 'java/io/FileNotFoundException'> (0x00000000e43ed130) thrown at [D:\src\AOSP-openjdk-cygwin\jdk8u\hotspot\src\share\vm\prims\jni.cpp, line 709]
Event: 25.461 Thread 0x000000001f94d800 Implicit null exception at 0x0000000004595aef to 0x0000000004597b41
Event: 28.605 Thread 0x000000001f94d800 Implicit null exception at 0x00000000045c492c to 0x00000000045c2115
Event: 28.605 Thread 0x000000001f94d800 Implicit null exception at 0x00000000045c492c to 0x00000000045c2115
Event: 28.614 Thread 0x000000001f94d800 Implicit null exception at 0x00000000045c492c to 0x00000000045c2115
Event: 29.722 Thread 0x000000001f94d800 Implicit null exception at 0x0000000003e62e27 to 0x0000000003e638cd

Events (10 events):
Event: 30.107 loading class org/apache/commons/io/FileExistsException
Event: 30.107 loading class org/apache/commons/io/FileExistsException done
Event: 30.110 loading class org/apache/commons/io/IOUtils
Event: 30.110 loading class org/apache/commons/io/IOUtils done
Event: 30.112 loading class org/apache/commons/io/output/StringBuilderWriter
Event: 30.112 loading class org/apache/commons/io/output/StringBuilderWriter done
Event: 30.114 loading class org/apache/commons/io/output/ByteArrayOutputStream
Event: 30.114 loading class org/apache/commons/io/output/ByteArrayOutputStream done
Event: 30.115 loading class org/apache/commons/io/Charsets
Event: 30.115 loading class org/apache/commons/io/Charsets done


Dynamic libraries:
0x00007ff7904a0000 - 0x00007ff7904d1000 	C:\Program Files\Android\Android Studio\jre\bin\java.exe
0x00007ffd53740000 - 0x00007ffd53921000 	C:\WINDOWS\SYSTEM32\ntdll.dll
0x00007ffd15aa0000 - 0x00007ffd15ad4000 	C:\Program Files\AVAST Software\Avast\x64\aswhooka.dll
0x00007ffd52e90000 - 0x00007ffd52f42000 	C:\WINDOWS\System32\KERNEL32.DLL
0x00007ffd4fe80000 - 0x00007ffd500f3000 	C:\WINDOWS\System32\KERNELBASE.dll
0x00007ffd50d80000 - 0x00007ffd50e21000 	C:\WINDOWS\System32\ADVAPI32.dll
0x00007ffd50c10000 - 0x00007ffd50cae000 	C:\WINDOWS\System32\msvcrt.dll
0x00007ffd52b00000 - 0x00007ffd52b5b000 	C:\WINDOWS\System32\sechost.dll
0x00007ffd52d60000 - 0x00007ffd52e84000 	C:\WINDOWS\System32\RPCRT4.dll
0x00007ffd50e60000 - 0x00007ffd50ff0000 	C:\WINDOWS\System32\USER32.dll
0x00007ffd503a0000 - 0x00007ffd503c0000 	C:\WINDOWS\System32\win32u.dll
0x00007ffd50be0000 - 0x00007ffd50c08000 	C:\WINDOWS\System32\GDI32.dll
0x00007ffd50160000 - 0x00007ffd502f2000 	C:\WINDOWS\System32\gdi32full.dll
0x00007ffd50300000 - 0x00007ffd5039f000 	C:\WINDOWS\System32\msvcp_win.dll
0x00007ffd503c0000 - 0x00007ffd504ba000 	C:\WINDOWS\System32\ucrtbase.dll
0x00007ffd472a0000 - 0x00007ffd47509000 	C:\WINDOWS\WinSxS\amd64_microsoft.windows.common-controls_6595b64144ccf1df_6.0.17134.112_none_fb3f961b30681c12\COMCTL32.dll
0x00007ffd50ff0000 - 0x00007ffd51313000 	C:\WINDOWS\System32\combase.dll
0x00007ffd4fc10000 - 0x00007ffd4fc8a000 	C:\WINDOWS\System32\bcryptPrimitives.dll
0x00007ffd50e30000 - 0x00007ffd50e5d000 	C:\WINDOWS\System32\IMM32.DLL
0x0000000057810000 - 0x00000000578e2000 	C:\Program Files\Android\Android Studio\jre\jre\bin\msvcr100.dll
0x0000000057b00000 - 0x000000005833f000 	C:\Program Files\Android\Android Studio\jre\jre\bin\server\jvm.dll
0x00007ffd534f0000 - 0x00007ffd534f8000 	C:\WINDOWS\System32\PSAPI.DLL
0x00007ffd49580000 - 0x00007ffd49589000 	C:\WINDOWS\SYSTEM32\WSOCK32.dll
0x00007ffd528f0000 - 0x00007ffd5295c000 	C:\WINDOWS\System32\WS2_32.dll
0x00007ffd4dc80000 - 0x00007ffd4dca3000 	C:\WINDOWS\SYSTEM32\WINMM.dll
0x00007ffd48100000 - 0x00007ffd4810a000 	C:\WINDOWS\SYSTEM32\VERSION.dll
0x00007ffd4dc50000 - 0x00007ffd4dc7a000 	C:\WINDOWS\SYSTEM32\WINMMBASE.dll
0x00007ffd4fb10000 - 0x00007ffd4fb59000 	C:\WINDOWS\System32\cfgmgr32.dll
0x00007ffd4c2d0000 - 0x00007ffd4c2df000 	C:\Program Files\Android\Android Studio\jre\jre\bin\verify.dll
0x00007ffd3dcb0000 - 0x00007ffd3dcd9000 	C:\Program Files\Android\Android Studio\jre\jre\bin\java.dll
0x00007ffd3dc90000 - 0x00007ffd3dca6000 	C:\Program Files\Android\Android Studio\jre\jre\bin\zip.dll
0x00007ffd513a0000 - 0x00007ffd527e0000 	C:\WINDOWS\System32\SHELL32.dll
0x00007ffd527e0000 - 0x00007ffd52889000 	C:\WINDOWS\System32\shcore.dll
0x00007ffd504c0000 - 0x00007ffd50bcd000 	C:\WINDOWS\System32\windows.storage.dll
0x00007ffd52f50000 - 0x00007ffd52fa1000 	C:\WINDOWS\System32\shlwapi.dll
0x00007ffd4fad0000 - 0x00007ffd4fae1000 	C:\WINDOWS\System32\kernel.appcore.dll
0x00007ffd4faf0000 - 0x00007ffd4fb0f000 	C:\WINDOWS\System32\profapi.dll
0x00007ffd4fa80000 - 0x00007ffd4facc000 	C:\WINDOWS\System32\powrprof.dll
0x00007ffd4fa70000 - 0x00007ffd4fa7a000 	C:\WINDOWS\System32\FLTLIB.DLL
0x00007ffd3dc70000 - 0x00007ffd3dc8a000 	C:\Program Files\Android\Android Studio\jre\jre\bin\net.dll
0x00007ffd4f270000 - 0x00007ffd4f2d6000 	C:\WINDOWS\system32\mswsock.dll
0x00007ffd3a500000 - 0x00007ffd3a511000 	C:\Program Files\Android\Android Studio\jre\jre\bin\nio.dll
0x00007ffd4b660000 - 0x00007ffd4b67e000 	C:\Users\User\.gradle\native\25\windows-amd64\native-platform.dll
0x00007ffd4c2f0000 - 0x00007ffd4c2fd000 	C:\Program Files\Android\Android Studio\jre\jre\bin\management.dll
0x00007ffd4f420000 - 0x00007ffd4f437000 	C:\WINDOWS\SYSTEM32\CRYPTSP.dll
0x00007ffd4ee50000 - 0x00007ffd4ee83000 	C:\WINDOWS\system32\rsaenh.dll
0x00007ffd4f550000 - 0x00007ffd4f575000 	C:\WINDOWS\SYSTEM32\bcrypt.dll
0x00007ffd4f980000 - 0x00007ffd4f9a8000 	C:\WINDOWS\SYSTEM32\USERENV.dll
0x00007ffd4f440000 - 0x00007ffd4f44b000 	C:\WINDOWS\SYSTEM32\CRYPTBASE.dll
0x00007ffd4eff0000 - 0x00007ffd4f028000 	C:\WINDOWS\SYSTEM32\IPHLPAPI.DLL
0x00007ffd53700000 - 0x00007ffd53708000 	C:\WINDOWS\System32\NSI.dll
0x00007ffd487c0000 - 0x00007ffd487d6000 	C:\WINDOWS\SYSTEM32\dhcpcsvc6.DLL
0x00007ffd487a0000 - 0x00007ffd487ba000 	C:\WINDOWS\SYSTEM32\dhcpcsvc.DLL
0x00007ffd1f010000 - 0x00007ffd1f1a6000 	C:\Program Files\Android\Android Studio\jre\jre\bin\awt.dll
0x00007ffd50cb0000 - 0x00007ffd50d72000 	C:\WINDOWS\System32\OLEAUT32.dll
0x00007ffd4cc50000 - 0x00007ffd4d217000 	C:\WINDOWS\SYSTEM32\d2d1.dll
0x00007ffd4e050000 - 0x00007ffd4e0db000 	C:\WINDOWS\SYSTEM32\apphelp.dll
0x00007ffd4e3a0000 - 0x00007ffd4e3c9000 	C:\WINDOWS\system32\DWMAPI.DLL
0x00007ffd4e110000 - 0x00007ffd4e1a8000 	C:\WINDOWS\system32\uxtheme.dll

VM Arguments:
jvm_args: -Xmx1536m -Dfile.encoding=windows-1252 -Duser.country=ID -Duser.language=en -Duser.variant 
java_command: org.gradle.launcher.daemon.bootstrap.GradleDaemon 4.4
java_class_path (initial): C:\Users\User\.gradle\wrapper\dists\gradle-4.4-all\9br9xq1tocpiv8o6njlyu5op1\gradle-4.4\lib\gradle-launcher-4.4.jar
Launcher Type: SUN_STANDARD

Environment Variables:
PATH=C:\Program Files (x86)\Intel\iCLS Client\;C:\Program Files\Intel\iCLS Client\;C:\WINDOWS\system32;C:\WINDOWS;C:\WINDOWS\System32\Wbem;C:\WINDOWS\System32\WindowsPowerShell\v1.0\;C:\Program Files\Intel\WiFi\bin\;C:\Program Files\Common Files\Intel\WirelessCommon\;C:\Program Files\Git\cmd;C:\Program Files\Git\mingw64\bin;C:\Program Files\Git\usr\bin;C:\WINDOWS\System32\OpenSSH\;C:\Program Files (x86)\Intel\Intel(R) Management Engine Components\DAL;C:\Program Files\Intel\Intel(R) Management Engine Components\DAL;C:\Program Files (x86)\Intel\Intel(R) Management Engine Components\IPT;C:\Program Files\Intel\Intel(R) Management Engine Components\IPT;C:\Users\User\AppData\Local\Microsoft\WindowsApps;C:\Users\User\AppData\Local\GitHubDesktop\bin
USERNAME=User
OS=Windows_NT
PROCESSOR_IDENTIFIER=Intel64 Family 6 Model 142 Stepping 9, GenuineIntel



---------------  S Y S T E M  ---------------

OS: Windows 10.0 , 64 bit Build 17134 (10.0.17134.1)

CPU:total 4 (initial active 4) (2 cores per cpu, 2 threads per core) family 6 model 142 stepping 9, cmov, cx8, fxsr, mmx, sse, sse2, sse3, ssse3, sse4.1, sse4.2, popcnt, avx, avx2, aes, clmul, erms, 3dnowpref, lzcnt, ht, tsc, tscinvbit, bmi1, bmi2, adx

Memory: 4k page, physical 8282468k(793564k free), swap 8282468k(4252k free)

vm_info: OpenJDK 64-Bit Server VM (25.152-b02) for windows-amd64 JRE (1.8.0_152-release-1024-b02), built by "builder" with MS VC++ 10.0 (VS2010)

time: Tue Jul 03 16:02:26 2018
elapsed time: 30 seconds (0d 0h 0m 30s)

